0 info it worked if it ends with ok
1 verbose cli [ '/usr/local/Cellar/node/4.1.0/bin/node',
1 verbose cli   '/usr/local/bin/npm',
1 verbose cli   'run',
1 verbose cli   'dev' ]
2 info using npm@2.14.4
3 info using node@v4.1.0
4 verbose run-script [ 'predev', 'dev', 'postdev' ]
5 info predev @
6 info dev @
7 verbose unsafe-perm in lifecycle true
8 info @ Failed to exec dev script
9 verbose stack Error: @ dev: `webpack-dev-server --progress --colors --port 8090`
9 verbose stack Exit status 1
9 verbose stack     at EventEmitter.<anonymous> (/usr/local/lib/node_modules/npm/lib/utils/lifecycle.js:214:16)
9 verbose stack     at emitTwo (events.js:87:13)
9 verbose stack     at EventEmitter.emit (events.js:172:7)
9 verbose stack     at ChildProcess.<anonymous> (/usr/local/lib/node_modules/npm/lib/utils/spawn.js:24:14)
9 verbose stack     at emitTwo (events.js:87:13)
9 verbose stack     at ChildProcess.emit (events.js:172:7)
9 verbose stack     at maybeClose (internal/child_process.js:817:16)
9 verbose stack     at Process.ChildProcess._handle.onexit (internal/child_process.js:211:5)
10 verbose pkgid @
11 verbose cwd /Users/murryb/Sites/o2m
12 error Darwin 14.5.0
13 error argv "/usr/local/Cellar/node/4.1.0/bin/node" "/usr/local/bin/npm" "run" "dev"
14 error node v4.1.0
15 error npm  v2.14.4
16 error code ELIFECYCLE
17 error @ dev: `webpack-dev-server --progress --colors --port 8090`
17 error Exit status 1
18 error Failed at the @ dev script 'webpack-dev-server --progress --colors --port 8090'.
18 error This is most likely a problem with the  package,
18 error not with npm itself.
18 error Tell the author that this fails on your system:
18 error     webpack-dev-server --progress --colors --port 8090
18 error You can get their info via:
18 error     npm owner ls
18 error There is likely additional logging output above.
19 verbose exit [ 1, true ]
